0 info it worked if it ends with ok
1 verbose cli [ '/usr/bin/node', '/usr/bin/npm', 'run', 'test' ]
2 info using npm@3.5.2
3 info using node@v8.10.0
4 verbose run-script [ 'pretest', 'test', 'posttest' ]
5 info lifecycle javascript-homework@1.0.0~pretest: javascript-homework@1.0.0
6 silly lifecycle javascript-homework@1.0.0~pretest: no script for pretest, continuing
7 info lifecycle javascript-homework@1.0.0~test: javascript-homework@1.0.0
8 verbose lifecycle javascript-homework@1.0.0~test: unsafe-perm in lifecycle true
9 verbose lifecycle javascript-homework@1.0.0~test: PATH: /usr/share/npm/bin/node-gyp-bin:/home/lwq/文档/javascript-homework/node_modules/.bin:/home/lwq/.local/share/umake/bin:/home/lwq/bin:/usr/java/jdk1.8.0_221/bin:/usr/java/jdk1.8.0_221/jre/bin:/home/lwq/.local/share/umake/bin:/home/lwq/bin:/usr/java/jdk1.8.0_221/bin:/usr/java/jdk1.8.0_221/jre/bin:/usr/local/sbin:/usr/local/bin:/usr/sbin:/usr/bin:/sbin:/bin:/usr/games:/usr/local/games:/snap/bin:/usr/local/src/nodejs/bin:/usr/local/src/nodejs/bin
10 verbose lifecycle javascript-homework@1.0.0~test: CWD: /home/lwq/文档/javascript-homework
11 silly lifecycle javascript-homework@1.0.0~test: Args: [ '-c', 'jasmine' ]
12 silly lifecycle javascript-homework@1.0.0~test: Returned: code: 1  signal: null
13 info lifecycle javascript-homework@1.0.0~test: Failed to exec test script
14 verbose stack Error: javascript-homework@1.0.0 test: `jasmine`
14 verbose stack Exit status 1
14 verbose stack     at EventEmitter.<anonymous> (/usr/share/npm/lib/utils/lifecycle.js:232:16)
14 verbose stack     at emitTwo (events.js:126:13)
14 verbose stack     at EventEmitter.emit (events.js:214:7)
14 verbose stack     at ChildProcess.<anonymous> (/usr/share/npm/lib/utils/spawn.js:24:14)
14 verbose stack     at emitTwo (events.js:126:13)
14 verbose stack     at ChildProcess.emit (events.js:214:7)
14 verbose stack     at maybeClose (internal/child_process.js:925:16)
14 verbose stack     at Process.ChildProcess._handle.onexit (internal/child_process.js:209:5)
15 verbose pkgid javascript-homework@1.0.0
16 verbose cwd /home/lwq/文档/javascript-homework
17 error Linux 5.0.0-37-generic
18 error argv "/usr/bin/node" "/usr/bin/npm" "run" "test"
19 error node v8.10.0
20 error npm  v3.5.2
21 error code ELIFECYCLE
22 error javascript-homework@1.0.0 test: `jasmine`
22 error Exit status 1
23 error Failed at the javascript-homework@1.0.0 test script 'jasmine'.
23 error Make sure you have the latest version of node.js and npm installed.
23 error If you do, this is most likely a problem with the javascript-homework package,
23 error not with npm itself.
23 error Tell the author that this fails on your system:
23 error     jasmine
23 error You can get information on how to open an issue for this project with:
23 error     npm bugs javascript-homework
23 error Or if that isn't available, you can get their info via:
23 error     npm owner ls javascript-homework
23 error There is likely additional logging output above.
24 verbose exit [ 1, true ]
